<?xml version="1.0" encoding="UTF-8" ?>
<testsuite tests="2" failures="0" name="MainControllerTest" time="0.66" errors="1" skipped="0">
  <properties>
[...]
</properties>
  <testcase classname="MainControllerTest" name="room" time="0.259"/>
  <testcase classname="MainControllerTest" name="index" time="0.401">
    <error message="Request processing failed; nested exception is freemarker.core.InvalidReferenceException: The following has evaluated to null or missing:
==&gt; room  [in template &quot;index.ftl&quot; at line 41, column 8]

----
Tip: If the failing expression is known to be legally refer to something that&apos;s sometimes null or missing, either specify a default value like myOptionalVar!myDefault, or use &lt;#if myOptionalVar??&gt;when-present&lt;#else&gt;when-missing&lt;/#if&gt;. (These only cover the last step of the expression; to cover the whole expression, use parenthesis: (myOptionalVar.foo)!myDefault, (myOptionalVar.foo)??
----

----
FTL stack trace (&quot;~&quot; means nesting-related):
	- Failed at: #list room as rooms  [in template &quot;index.ftl&quot; at line 41, column 1]
----" type="org.springframework.web.util.NestedServletException">org.springframework.web.util.NestedServletException: Request processing failed; nested exception is freemarker.core.InvalidReferenceException: The following has evaluated to null or missing:
==&gt; room  [in template &quot;index.ftl&quot; at line 41, column 8]

----
Tip: If the failing expression is known to be legally refer to something that&apos;s sometimes null or missing, either specify a default value like myOptionalVar!myDefault, or use &lt;#if myOptionalVar??&gt;when-present&lt;#else&gt;when-missing&lt;/#if&gt;. (These only cover the last step of the expression; to cover the whole expression, use parenthesis: (myOptionalVar.foo)!myDefault, (myOptionalVar.foo)??
----

----
FTL stack trace (&quot;~&quot; means nesting-related):
	- Failed at: #list room as rooms  [in template &quot;index.ftl&quot; at line 41, column 1]
----
	at org.springframework.web.servlet.FrameworkServlet.processRequest(FrameworkServlet.java:982)
	at org.springframework.web.servlet.FrameworkServlet.doGet(FrameworkServlet.java:861)
	at javax.servlet.http.HttpServlet.service(HttpServlet.java:621)
	at org.springframework.web.servlet.FrameworkServlet.service(FrameworkServlet.java:846)
	at org.springframework.test.web.servlet.TestDispatcherServlet.service(TestDispatcherServlet.java:65)
	at javax.servlet.http.HttpServlet.service(HttpServlet.java:722)
	at org.springframework.mock.web.MockFilterChain$ServletFilterProxy.doFilter(MockFilterChain.java:167)
	at org.springframework.mock.web.MockFilterChain.doFilter(MockFilterChain.java:134)
	at org.springframework.test.web.servlet.MockMvc.perform(MockMvc.java:155)
	at MainControllerTest.index(MainControllerTest.java:48)
	at sun.reflect.NativeMethodAccessorImpl.invoke0(Native Method)
	at sun.reflect.NativeMethodAccessorImpl.invoke(NativeMethodAccessorImpl.java:62)
	at sun.reflect.DelegatingMethodAccessorImpl.invoke(DelegatingMethodAccessorImpl.java:43)
	at java.lang.reflect.Method.invoke(Method.java:498)
	at org.junit.runners.model.FrameworkMethod$1.runReflectiveCall(FrameworkMethod.java:50)
	at org.junit.internal.runners.model.ReflectiveCallable.run(ReflectiveCallable.java:12)
	at org.junit.runners.model.FrameworkMethod.invokeExplosively(FrameworkMethod.java:47)
	at org.junit.internal.runners.statements.InvokeMethod.evaluate(InvokeMethod.java:17)
	at org.junit.internal.runners.statements.RunBefores.evaluate(RunBefores.java:26)
	at org.springframework.test.context.junit4.statements.RunBeforeTestMethodCallbacks.evaluate(RunBeforeTestMethodCallbacks.java:75)
	at org.springframework.test.context.junit4.statements.RunAfterTestMethodCallbacks.evaluate(RunAfterTestMethodCallbacks.java:86)
	at org.springframework.test.context.junit4.statements.SpringRepeat.evaluate(SpringRepeat.java:84)
	at org.junit.runners.ParentRunner.runLeaf(ParentRunner.java:325)
	at org.springframework.test.context.junit4.SpringJUnit4ClassRunner.runChild(SpringJUnit4ClassRunner.java:252)
	at org.springframework.test.context.junit4.SpringJUnit4ClassRunner.runChild(SpringJUnit4ClassRunner.java:94)
	at org.junit.runners.ParentRunner$3.run(ParentRunner.java:290)
	at org.junit.runners.ParentRunner$1.schedule(ParentRunner.java:71)
	at org.junit.runners.ParentRunner.runChildren(ParentRunner.java:288)
	at org.junit.runners.ParentRunner.access$000(ParentRunner.java:58)
	at org.junit.runners.ParentRunner$2.evaluate(ParentRunner.java:268)
	at org.springframework.test.context.junit4.statements.RunBeforeTestClassCallbacks.evaluate(RunBeforeTestClassCallbacks.java:61)
	at org.springframework.test.context.junit4.statements.RunAfterTestClassCallbacks.evaluate(RunAfterTestClassCallbacks.java:70)
	at org.junit.runners.ParentRunner.run(ParentRunner.java:363)
	at org.springframework.test.context.junit4.SpringJUnit4ClassRunner.run(SpringJUnit4ClassRunner.java:191)
	at org.apache.maven.surefire.junit4.JUnit4Provider.execute(JUnit4Provider.java:252)
	at org.apache.maven.surefire.junit4.JUnit4Provider.executeTestSet(JUnit4Provider.java:141)
	at org.apache.maven.surefire.junit4.JUnit4Provider.invoke(JUnit4Provider.java:112)
	at sun.reflect.NativeMethodAccessorImpl.invoke0(Native Method)
	at sun.reflect.NativeMethodAccessorImpl.invoke(NativeMethodAccessorImpl.java:62)
	at sun.reflect.DelegatingMethodAccessorImpl.invoke(DelegatingMethodAccessorImpl.java:43)
	at java.lang.reflect.Method.invoke(Method.java:498)
	at org.apache.maven.surefire.util.ReflectionUtils.invokeMethodWithArray(ReflectionUtils.java:189)
	at org.apache.maven.surefire.booter.ProviderFactory$ProviderProxy.invoke(ProviderFactory.java:165)
	at org.apache.maven.surefire.booter.ProviderFactory.invokeProvider(ProviderFactory.java:85)
	at org.apache.maven.surefire.booter.ForkedBooter.runSuitesInProcess(ForkedBooter.java:115)
	at org.apache.maven.surefire.booter.ForkedBooter.main(ForkedBooter.java:75)
Caused by: freemarker.core.InvalidReferenceException: The following has evaluated to null or missing:
==&gt; room  [in template &quot;index.ftl&quot; at line 41, column 8]

----
Tip: If the failing expression is known to be legally refer to something that&apos;s sometimes null or missing, either specify a default value like myOptionalVar!myDefault, or use &lt;#if myOptionalVar??&gt;when-present&lt;#else&gt;when-missing&lt;/#if&gt;. (These only cover the last step of the expression; to cover the whole expression, use parenthesis: (myOptionalVar.foo)!myDefault, (myOptionalVar.foo)??
----

----
FTL stack trace (&quot;~&quot; means nesting-related):
	- Failed at: #list room as rooms  [in template &quot;index.ftl&quot; at line 41, column 1]
----
	at freemarker.core.InvalidReferenceException.getInstance(InvalidReferenceException.java:131)
	at freemarker.core.Expression.assertNonNull(Expression.java:194)
	at freemarker.core.IteratorBlock.acceptWithResult(IteratorBlock.java:74)
	at freemarker.core.IteratorBlock.accept(IteratorBlock.java:64)
	at freemarker.core.Environment.visit(Environment.java:324)
	at freemarker.core.MixedContent.accept(MixedContent.java:54)
	at freemarker.core.Environment.visit(Environment.java:324)
	at freemarker.core.Environment.process(Environment.java:302)
	at freemarker.template.Template.process(Template.java:325)
	at org.springframework.web.servlet.view.freemarker.FreeMarkerView.processTemplate(FreeMarkerView.java:367)
	at org.springframework.web.servlet.view.freemarker.FreeMarkerView.doRender(FreeMarkerView.java:284)
	at org.springframework.web.servlet.view.freemarker.FreeMarkerView.renderMergedTemplateModel(FreeMarkerView.java:234)
	at org.springframework.web.servlet.view.AbstractTemplateView.renderMergedOutputModel(AbstractTemplateView.java:167)
	at org.springframework.web.servlet.view.AbstractView.render(AbstractView.java:303)
	at org.springframework.web.servlet.DispatcherServlet.render(DispatcherServlet.java:1282)
	at org.springframework.test.web.servlet.TestDispatcherServlet.render(TestDispatcherServlet.java:105)
	at org.springframework.web.servlet.DispatcherServlet.processDispatchResult(DispatcherServlet.java:1037)
	at org.springframework.web.servlet.DispatcherServlet.doDispatch(DispatcherServlet.java:980)
	at org.springframework.web.servlet.DispatcherServlet.doService(DispatcherServlet.java:897)
	at org.springframework.web.servlet.FrameworkServlet.processRequest(FrameworkServlet.java:970)
	... 45 more
</error>
    <system-out>
&gt;&gt;&gt;&gt;&gt;&gt;&gt;&gt;&gt;&gt;&gt;&gt;&gt;&gt;&gt;&gt;&gt;&gt;&gt;&gt;&gt;&gt;&gt; Before		Class: MainController		Method: index		Args: [{}]
==&gt;  Preparing: SELECT room_id,room_name,room_status,room_screenshot,room_introduce,user_id,stream_key FROM room 
==&gt; Parameters: 
&lt;==      Total: 4
==&gt;  Preparing: SELECT room_id,room_name,room_status,room_screenshot,room_introduce,user_id,stream_key FROM room 
==&gt; Parameters: 
&lt;==      Total: 4
room size: 4
==&gt;  Preparing: SELECT user_id,user_name,user_nickname,user_sex,user_age,user_phone,user_height,user_weight,user_area,user_status,user_treasure,user_passwd,user_email FROM user 
==&gt; Parameters: 
&lt;==      Total: 5
User [Hash = -1191419100, userId=1, userName=jinelei, userNickname=beautifulLife, userSex=0, userAge=22, userPhone=null, userHeight=null, userWeight=null, userArea=null, userStatus=6, userTreasure=50000, userPasswd=jin, userEmail=null, serialVersionUID=1]
User [Hash = 507321206, userId=2, userName=test, userNickname=test user, userSex=0, userAge=22, userPhone=null, userHeight=null, userWeight=null, userArea=null, userStatus=6, userTreasure=50000, userPasswd=test, userEmail=null, serialVersionUID=1]
User [Hash = -1711872403, userId=7, userName=consoletest4, userNickname=changeNickname1, userSex=1, userAge=33, userPhone=13100000000, userHeight=180, userWeight=135, userArea=111111, userStatus=16, userTreasure=50000, userPasswd=jin, userEmail=consoletest1@163.com, serialVersionUID=1]
User [Hash = 1666378855, userId=8, userName=consoletest2, userNickname=consoletest2, userSex=1, userAge=22, userPhone=13100000000, userHeight=180, userWeight=135, userArea=111111, userStatus=4, userTreasure=50000, userPasswd=jin, userEmail=consoletest1@163.com, serialVersionUID=1]
User [Hash = 533245107, userId=9, userName=consoletest3, userNickname=null, userSex=1, userAge=22, userPhone=null, userHeight=null, userWeight=null, userArea=null, userStatus=1, userTreasure=50000, userPasswd=jin, userEmail=null, serialVersionUID=1]
&lt;&lt;&lt;&lt;&lt;&lt;&lt;&lt;&lt;&lt;&lt;&lt;&lt;&lt;&lt;&lt;&lt;&lt;&lt;&lt;&lt;&lt;&lt; After 		Class: MainController		Method: index

Error executing FreeMarker template
FreeMarker template error:
The following has evaluated to null or missing:
==&gt; room  [in template &quot;index.ftl&quot; at line 41, column 8]

----
Tip: If the failing expression is known to be legally refer to something that&apos;s sometimes null or missing, either specify a default value like myOptionalVar!myDefault, or use &lt;#if myOptionalVar??&gt;when-present&lt;#else&gt;when-missing&lt;/#if&gt;. (These only cover the last step of the expression; to cover the whole expression, use parenthesis: (myOptionalVar.foo)!myDefault, (myOptionalVar.foo)??
----

----
FTL stack trace (&quot;~&quot; means nesting-related):
	- Failed at: #list room as rooms  [in template &quot;index.ftl&quot; at line 41, column 1]
----

Java stack trace (for programmers):
----
freemarker.core.InvalidReferenceException: [... Exception message was already printed; see it above ...]
	at freemarker.core.InvalidReferenceException.getInstance(InvalidReferenceException.java:131)
	at freemarker.core.Expression.assertNonNull(Expression.java:194)
	at freemarker.core.IteratorBlock.acceptWithResult(IteratorBlock.java:74)
	at freemarker.core.IteratorBlock.accept(IteratorBlock.java:64)
	at freemarker.core.Environment.visit(Environment.java:324)
	at freemarker.core.MixedContent.accept(MixedContent.java:54)
	at freemarker.core.Environment.visit(Environment.java:324)
	at freemarker.core.Environment.process(Environment.java:302)
	at freemarker.template.Template.process(Template.java:325)
	at org.springframework.web.servlet.view.freemarker.FreeMarkerView.processTemplate(FreeMarkerView.java:367)
	at org.springframework.web.servlet.view.freemarker.FreeMarkerView.doRender(FreeMarkerView.java:284)
	at org.springframework.web.servlet.view.freemarker.FreeMarkerView.renderMergedTemplateModel(FreeMarkerView.java:234)
	at org.springframework.web.servlet.view.AbstractTemplateView.renderMergedOutputModel(AbstractTemplateView.java:167)
	at org.springframework.web.servlet.view.AbstractView.render(AbstractView.java:303)
	at org.springframework.web.servlet.DispatcherServlet.render(DispatcherServlet.java:1282)
	at org.springframework.test.web.servlet.TestDispatcherServlet.render(TestDispatcherServlet.java:105)
	at org.springframework.web.servlet.DispatcherServlet.processDispatchResult(DispatcherServlet.java:1037)
	at org.springframework.web.servlet.DispatcherServlet.doDispatch(DispatcherServlet.java:980)
	at org.springframework.web.servlet.DispatcherServlet.doService(DispatcherServlet.java:897)
	at org.springframework.web.servlet.FrameworkServlet.processRequest(FrameworkServlet.java:970)
	at org.springframework.web.servlet.FrameworkServlet.doGet(FrameworkServlet.java:861)
	at javax.servlet.http.HttpServlet.service(HttpServlet.java:621)
	at org.springframework.web.servlet.FrameworkServlet.service(FrameworkServlet.java:846)
	at org.springframework.test.web.servlet.TestDispatcherServlet.service(TestDispatcherServlet.java:65)
	at javax.servlet.http.HttpServlet.service(HttpServlet.java:722)
	at org.springframework.mock.web.MockFilterChain$ServletFilterProxy.doFilter(MockFilterChain.java:167)
	at org.springframework.mock.web.MockFilterChain.doFilter(MockFilterChain.java:134)
	at org.springframework.test.web.servlet.MockMvc.perform(MockMvc.java:155)
	at MainControllerTest.index(MainControllerTest.java:48)
	at sun.reflect.NativeMethodAccessorImpl.invoke0(Native Method)
	at sun.reflect.NativeMethodAccessorImpl.invoke(NativeMethodAccessorImpl.java:62)
	at sun.reflect.DelegatingMethodAccessorImpl.invoke(DelegatingMethodAccessorImpl.java:43)
	at java.lang.reflect.Method.invoke(Method.java:498)
	at org.junit.runners.model.FrameworkMethod$1.runReflectiveCall(FrameworkMethod.java:50)
	at org.junit.internal.runners.model.ReflectiveCallable.run(ReflectiveCallable.java:12)
	at org.junit.runners.model.FrameworkMethod.invokeExplosively(FrameworkMethod.java:47)
	at org.junit.internal.runners.statements.InvokeMethod.evaluate(InvokeMethod.java:17)
	at org.junit.internal.runners.statements.RunBefores.evaluate(RunBefores.java:26)
	at org.springframework.test.context.junit4.statements.RunBeforeTestMethodCallbacks.evaluate(RunBeforeTestMethodCallbacks.java:75)
	at org.springframework.test.context.junit4.statements.RunAfterTestMethodCallbacks.evaluate(RunAfterTestMethodCallbacks.java:86)
	at org.springframework.test.context.junit4.statements.SpringRepeat.evaluate(SpringRepeat.java:84)
	at org.junit.runners.ParentRunner.runLeaf(ParentRunner.java:325)
	at org.springframework.test.context.junit4.SpringJUnit4ClassRunner.runChild(SpringJUnit4ClassRunner.java:252)
	at org.springframework.test.context.junit4.SpringJUnit4ClassRunner.runChild(SpringJUnit4ClassRunner.java:94)
	at org.junit.runners.ParentRunner$3.run(ParentRunner.java:290)
	at org.junit.runners.ParentRunner$1.schedule(ParentRunner.java:71)
	at org.junit.runners.ParentRunner.runChildren(ParentRunner.java:288)
	at org.junit.runners.ParentRunner.access$000(ParentRunner.java:58)
	at org.junit.runners.ParentRunner$2.evaluate(ParentRunner.java:268)
	at org.springframework.test.context.junit4.statements.RunBeforeTestClassCallbacks.evaluate(RunBeforeTestClassCallbacks.java:61)
	at org.springframework.test.context.junit4.statements.RunAfterTestClassCallbacks.evaluate(RunAfterTestClassCallbacks.java:70)
	at org.junit.runners.ParentRunner.run(ParentRunner.java:363)
	at org.springframework.test.context.junit4.SpringJUnit4ClassRunner.run(SpringJUnit4ClassRunner.java:191)
	at org.apache.maven.surefire.junit4.JUnit4Provider.execute(JUnit4Provider.java:252)
	at org.apache.maven.surefire.junit4.JUnit4Provider.executeTestSet(JUnit4Provider.java:141)
	at org.apache.maven.surefire.junit4.JUnit4Provider.invoke(JUnit4Provider.java:112)
	at sun.reflect.NativeMethodAccessorImpl.invoke0(Native Method)
	at sun.reflect.NativeMethodAccessorImpl.invoke(NativeMethodAccessorImpl.java:62)
	at sun.reflect.DelegatingMethodAccessorImpl.invoke(DelegatingMethodAccessorImpl.java:43)
	at java.lang.reflect.Method.invoke(Method.java:498)
	at org.apache.maven.surefire.util.ReflectionUtils.invokeMethodWithArray(ReflectionUtils.java:189)
	at org.apache.maven.surefire.booter.ProviderFactory$ProviderProxy.invoke(ProviderFactory.java:165)
	at org.apache.maven.surefire.booter.ProviderFactory.invokeProvider(ProviderFactory.java:85)
	at org.apache.maven.surefire.booter.ForkedBooter.runSuitesInProcess(ForkedBooter.java:115)
	at org.apache.maven.surefire.booter.ForkedBooter.main(ForkedBooter.java:75)
</system-out>
  </testcase>
</testsuite>